[35m[1mScanning dependencies of target node[0m
[ 50%] [32mBuilding CXX object CMakeFiles/node.dir/src/Opencv_example.cpp.o[0m
[100%] [32m[1mLinking CXX executable node[0m
[100%] Built target node
-- Install configuration: ""
-- Installing: /home/jungil/VINS-J/install/vins_estimator/bin/vins_estimator/node
-- Set runtime path of "/home/jungil/VINS-J/install/vins_estimator/bin/vins_estimator/node" to ""
-- Up-to-date: /home/jungil/VINS-J/install/vins_estimator/share/ament_index/resource_index/package_run_dependencies/vins_estimator
-- Up-to-date: /home/jungil/VINS-J/install/vins_estimator/share/ament_index/resource_index/parent_prefix_path/vins_estimator
-- Up-to-date: /home/jungil/VINS-J/install/vins_estimator/share/vins_estimator/environment/ament_prefix_path.sh
-- Up-to-date: /home/jungil/VINS-J/install/vins_estimator/share/vins_estimator/environment/ament_prefix_path.dsv
-- Up-to-date: /home/jungil/VINS-J/install/vins_estimator/share/vins_estimator/environment/path.sh
-- Up-to-date: /home/jungil/VINS-J/install/vins_estimator/share/vins_estimator/environment/path.dsv
-- Up-to-date: /home/jungil/VINS-J/install/vins_estimator/share/vins_estimator/local_setup.bash
-- Up-to-date: /home/jungil/VINS-J/install/vins_estimator/share/vins_estimator/local_setup.sh
-- Up-to-date: /home/jungil/VINS-J/install/vins_estimator/share/vins_estimator/local_setup.zsh
-- Up-to-date: /home/jungil/VINS-J/install/vins_estimator/share/vins_estimator/local_setup.dsv
-- Installing: /home/jungil/VINS-J/install/vins_estimator/share/vins_estimator/package.dsv
-- Up-to-date: /home/jungil/VINS-J/install/vins_estimator/share/ament_index/resource_index/packages/vins_estimator
-- Up-to-date: /home/jungil/VINS-J/install/vins_estimator/share/vins_estimator/cmake/vins_estimatorConfig.cmake
-- Up-to-date: /home/jungil/VINS-J/install/vins_estimator/share/vins_estimator/cmake/vins_estimatorConfig-version.cmake
-- Up-to-date: /home/jungil/VINS-J/install/vins_estimator/share/vins_estimator/package.xml
