[0.010s] Invoking command in '/home/jungil/VINS-J/build/vins_estimator': CMAKE_PREFIX_PATH=/opt/ros/foxy /usr/bin/cmake /home/jungil/VINS-J/vins_estimator -DCMAKE_INSTALL_PREFIX=/home/jungil/VINS-J/install/vins_estimator
[0.026s] -- Found ament_cmake: 0.9.11 (/opt/ros/foxy/share/ament_cmake/cmake)
[0.046s] -- Using PYTHON_EXECUTABLE: /usr/bin/python3
[0.172s] -- Found rclcpp: 2.4.2 (/opt/ros/foxy/share/rclcpp/cmake)
[0.191s] -- Using all available rosidl_typesupport_c: rosidl_typesupport_fastrtps_c;rosidl_typesupport_introspection_c
[0.193s] -- Found rosidl_adapter: 1.3.0 (/opt/ros/foxy/share/rosidl_adapter/cmake)
[0.258s] -- Using all available rosidl_typesupport_cpp: rosidl_typesupport_fastrtps_cpp;rosidl_typesupport_introspection_cpp
[0.287s] -- Found rmw_implementation_cmake: 1.0.3 (/opt/ros/foxy/share/rmw_implementation_cmake/cmake)
[0.287s] -- Using RMW implementation 'rmw_fastrtps_cpp' as default
[0.375s] -- Found cv_bridge: 3.0.7 (/opt/ros/foxy/share/cv_bridge/cmake)
[0.466s] -- Found image_transport: 2.4.0 (/opt/ros/foxy/share/image_transport/cmake)
[0.548s] -- Configuring done
[0.580s] -- Generating done
[0.581s] -- Build files have been written to: /home/jungil/VINS-J/build/vins_estimator
[0.585s] Invoked command in '/home/jungil/VINS-J/build/vins_estimator' returned '0': CMAKE_PREFIX_PATH=/opt/ros/foxy /usr/bin/cmake /home/jungil/VINS-J/vins_estimator -DCMAKE_INSTALL_PREFIX=/home/jungil/VINS-J/install/vins_estimator
[0.588s] Invoking command in '/home/jungil/VINS-J/build/vins_estimator': CMAKE_PREFIX_PATH=/opt/ros/foxy /usr/bin/cmake --build /home/jungil/VINS-J/build/vins_estimator -- -j16 -l16
[0.629s] [35m[1mScanning dependencies of target node[0m
[0.715s] [ 50%] [32mBuilding CXX object CMakeFiles/node.dir/src/Opencv_example.cpp.o[0m
[2.399s] In file included from /home/jungil/VINS-J/vins_estimator/src/Opencv_example.cpp:5:
[2.399s] /opt/ros/foxy/include/image_transport/image_transport.h:41:89: note: #pragma message: Warning: This header is deprecated. Use 'image_transport.hpp' instead
[2.399s]    41 | #pragma message ("Warning: This header is deprecated. Use 'image_transport.hpp' instead")
[2.399s]       |                                                                                         ^
[2.412s] [100%] [32m[1mLinking CXX executable node[0m
[2.804s] /usr/bin/ld: warning: libopencv_imgproc.so.4.2, needed by /opt/ros/foxy/lib/libcv_bridge.so, may conflict with libopencv_imgproc.so.4.4
[2.812s] [100%] Built target node
[2.823s] Invoked command in '/home/jungil/VINS-J/build/vins_estimator' returned '0': CMAKE_PREFIX_PATH=/opt/ros/foxy /usr/bin/cmake --build /home/jungil/VINS-J/build/vins_estimator -- -j16 -l16
[2.856s] Invoking command in '/home/jungil/VINS-J/build/vins_estimator': CMAKE_PREFIX_PATH=/opt/ros/foxy /usr/bin/cmake --install /home/jungil/VINS-J/build/vins_estimator
[2.866s] -- Install configuration: ""
[2.866s] -- Installing: /home/jungil/VINS-J/install/vins_estimator/bin/vins_estimator/node
[2.867s] -- Set runtime path of "/home/jungil/VINS-J/install/vins_estimator/bin/vins_estimator/node" to ""
[2.867s] -- Installing: /home/jungil/VINS-J/install/vins_estimator/share/ament_index/resource_index/package_run_dependencies/vins_estimator
[2.867s] -- Installing: /home/jungil/VINS-J/install/vins_estimator/share/ament_index/resource_index/parent_prefix_path/vins_estimator
[2.867s] -- Installing: /home/jungil/VINS-J/install/vins_estimator/share/vins_estimator/environment/ament_prefix_path.sh
[2.867s] -- Installing: /home/jungil/VINS-J/install/vins_estimator/share/vins_estimator/environment/ament_prefix_path.dsv
[2.867s] -- Installing: /home/jungil/VINS-J/install/vins_estimator/share/vins_estimator/environment/path.sh
[2.868s] -- Installing: /home/jungil/VINS-J/install/vins_estimator/share/vins_estimator/environment/path.dsv
[2.868s] -- Installing: /home/jungil/VINS-J/install/vins_estimator/share/vins_estimator/local_setup.bash
[2.868s] -- Installing: /home/jungil/VINS-J/install/vins_estimator/share/vins_estimator/local_setup.sh
[2.868s] -- Installing: /home/jungil/VINS-J/install/vins_estimator/share/vins_estimator/local_setup.zsh
[2.868s] -- Installing: /home/jungil/VINS-J/install/vins_estimator/share/vins_estimator/local_setup.dsv
[2.868s] -- Installing: /home/jungil/VINS-J/install/vins_estimator/share/vins_estimator/package.dsv
[2.868s] -- Installing: /home/jungil/VINS-J/install/vins_estimator/share/ament_index/resource_index/packages/vins_estimator
[2.868s] -- Installing: /home/jungil/VINS-J/install/vins_estimator/share/vins_estimator/cmake/vins_estimatorConfig.cmake
[2.868s] -- Installing: /home/jungil/VINS-J/install/vins_estimator/share/vins_estimator/cmake/vins_estimatorConfig-version.cmake
[2.868s] -- Installing: /home/jungil/VINS-J/install/vins_estimator/share/vins_estimator/package.xml
[2.869s] Invoked command in '/home/jungil/VINS-J/build/vins_estimator' returned '0': CMAKE_PREFIX_PATH=/opt/ros/foxy /usr/bin/cmake --install /home/jungil/VINS-J/build/vins_estimator
