[0.087s] DEBUG:colcon:Command line arguments: ['/usr/bin/colcon', 'build']
[0.087s] DEBUG:colcon:Parsed command line arguments: Namespace(allow_overriding=[], ament_cmake_args=None, base_paths=['.'], build_base='build', catkin_cmake_args=None, catkin_skip_building_tests=False, cmake_args=None, cmake_clean_cache=False, cmake_clean_first=False, cmake_force_configure=False, cmake_target=None, cmake_target_skip_unavailable=False, continue_on_error=False, event_handlers=None, executor='parallel', ignore_user_meta=False, install_base='install', log_base=None, log_level=None, main=<bound method BuildVerb.main of <colcon_core.verb.build.BuildVerb object at 0x7f49f99e7d60>>, merge_install=False, metas=['./colcon.meta'], packages_above=None, packages_above_and_dependencies=None, packages_above_depth=None, packages_end=None, packages_ignore=None, packages_ignore_regex=None, packages_select=None, packages_select_build_failed=False, packages_select_by_dep=None, packages_select_regex=None, packages_select_test_failures=False, packages_skip=None, packages_skip_build_finished=False, packages_skip_by_dep=None, packages_skip_regex=None, packages_skip_test_passed=False, packages_skip_up_to=None, packages_start=None, packages_up_to=None, packages_up_to_regex=None, parallel_workers=16, paths=None, symlink_install=False, test_result_base=None, verb_extension=<colcon_core.verb.build.BuildVerb object at 0x7f49f99e7d60>, verb_name='build', verb_parser=<colcon_defaults.argument_parser.defaults.DefaultArgumentsDecorator object at 0x7f49f99f2310>)
[0.101s] Level 1:colcon.colcon_core.package_discovery:discover_packages(colcon_meta) check parameters
[0.101s] Level 1:colcon.colcon_core.package_discovery:discover_packages(recursive) check parameters
[0.101s] Level 1:colcon.colcon_core.package_discovery:discover_packages(ignore) check parameters
[0.101s] Level 1:colcon.colcon_core.package_discovery:discover_packages(path) check parameters
[0.101s] Level 1:colcon.colcon_core.package_discovery:discover_packages(colcon_meta) discover
[0.101s] Level 1:colcon.colcon_core.package_discovery:discover_packages(recursive) discover
[0.101s] INFO:colcon.colcon_core.package_discovery:Crawling recursively for packages in '/home/jungil/VINS-J'
[0.101s] Level 1:colcon.colcon_core.package_identification:_identify(.) by extensions ['ignore', 'ignore_ament_install']
[0.101s] Level 1:colcon.colcon_core.package_identification:_identify(.) by extension 'ignore'
[0.101s] Level 1:colcon.colcon_core.package_identification:_identify(.) by extension 'ignore_ament_install'
[0.101s] Level 1:colcon.colcon_core.package_identification:_identify(.) by extensions ['colcon_pkg']
[0.101s] Level 1:colcon.colcon_core.package_identification:_identify(.) by extension 'colcon_pkg'
[0.101s] Level 1:colcon.colcon_core.package_identification:_identify(.) by extensions ['colcon_meta']
[0.101s] Level 1:colcon.colcon_core.package_identification:_identify(.) by extension 'colcon_meta'
[0.101s] Level 1:colcon.colcon_core.package_identification:_identify(.) by extensions ['ros']
[0.101s] Level 1:colcon.colcon_core.package_identification:_identify(.) by extension 'ros'
[0.108s] Level 1:colcon.colcon_core.package_identification:_identify(.) by extensions ['cmake', 'python']
[0.108s] Level 1:colcon.colcon_core.package_identification:_identify(.) by extension 'cmake'
[0.108s] Level 1:colcon.colcon_core.package_identification:_identify(.) by extension 'python'
[0.108s] Level 1:colcon.colcon_core.package_identification:_identify(.) by extensions ['python_setup_py']
[0.108s] Level 1:colcon.colcon_core.package_identification:_identify(.) by extension 'python_setup_py'
[0.108s] Level 1:colcon.colcon_core.package_identification:_identify(build) by extensions ['ignore', 'ignore_ament_install']
[0.108s] Level 1:colcon.colcon_core.package_identification:_identify(build) by extension 'ignore'
[0.108s] Level 1:colcon.colcon_core.package_identification:_identify(build) ignored
[0.108s] Level 1:colcon.colcon_core.package_identification:_identify(install) by extensions ['ignore', 'ignore_ament_install']
[0.108s] Level 1:colcon.colcon_core.package_identification:_identify(install) by extension 'ignore'
[0.108s] Level 1:colcon.colcon_core.package_identification:_identify(install) ignored
[0.108s] Level 1:colcon.colcon_core.package_identification:_identify(log) by extensions ['ignore', 'ignore_ament_install']
[0.108s] Level 1:colcon.colcon_core.package_identification:_identify(log) by extension 'ignore'
[0.108s] Level 1:colcon.colcon_core.package_identification:_identify(log) ignored
[0.108s] Level 1:colcon.colcon_core.package_identification:_identify(vins_estimator) by extensions ['ignore', 'ignore_ament_install']
[0.108s] Level 1:colcon.colcon_core.package_identification:_identify(vins_estimator) by extension 'ignore'
[0.108s] Level 1:colcon.colcon_core.package_identification:_identify(vins_estimator) by extension 'ignore_ament_install'
[0.108s] Level 1:colcon.colcon_core.package_identification:_identify(vins_estimator) by extensions ['colcon_pkg']
[0.108s] Level 1:colcon.colcon_core.package_identification:_identify(vins_estimator) by extension 'colcon_pkg'
[0.108s] Level 1:colcon.colcon_core.package_identification:_identify(vins_estimator) by extensions ['colcon_meta']
[0.108s] Level 1:colcon.colcon_core.package_identification:_identify(vins_estimator) by extension 'colcon_meta'
[0.108s] Level 1:colcon.colcon_core.package_identification:_identify(vins_estimator) by extensions ['ros']
[0.108s] Level 1:colcon.colcon_core.package_identification:_identify(vins_estimator) by extension 'ros'
[0.116s] DEBUG:colcon.colcon_core.package_identification:Package 'vins_estimator' with type 'ros.cmake' and name 'vins_estimator'
[0.116s] Level 1:colcon.colcon_core.package_discovery:discover_packages(recursive) using defaults
[0.117s] Level 1:colcon.colcon_core.package_discovery:discover_packages(ignore) discover
[0.117s] Level 1:colcon.colcon_core.package_discovery:discover_packages(ignore) using defaults
[0.117s] Level 1:colcon.colcon_core.package_discovery:discover_packages(path) discover
[0.117s] Level 1:colcon.colcon_core.package_discovery:discover_packages(path) using defaults
[0.128s] Level 1:colcon.colcon_core.package_discovery:discover_packages(prefix_path) check parameters
[0.128s] Level 1:colcon.colcon_core.package_discovery:discover_packages(prefix_path) discover
[0.130s] DEBUG:colcon.colcon_installed_package_information.package_discovery:Found 1 installed packages in /home/jungil/VINS-J/install
[0.131s] DEBUG:colcon.colcon_installed_package_information.package_discovery:Found 256 installed packages in /opt/ros/foxy
[0.131s] Level 1:colcon.colcon_core.package_discovery:discover_packages(prefix_path) using defaults
[0.169s] Level 5:colcon.colcon_core.verb:set package 'vins_estimator' build argument 'cmake_args' from command line to 'None'
[0.169s] Level 5:colcon.colcon_core.verb:set package 'vins_estimator' build argument 'cmake_target' from command line to 'None'
[0.169s] Level 5:colcon.colcon_core.verb:set package 'vins_estimator' build argument 'cmake_target_skip_unavailable' from command line to 'False'
[0.169s] Level 5:colcon.colcon_core.verb:set package 'vins_estimator' build argument 'cmake_clean_cache' from command line to 'False'
[0.169s] Level 5:colcon.colcon_core.verb:set package 'vins_estimator' build argument 'cmake_clean_first' from command line to 'False'
[0.169s] Level 5:colcon.colcon_core.verb:set package 'vins_estimator' build argument 'cmake_force_configure' from command line to 'False'
[0.169s] Level 5:colcon.colcon_core.verb:set package 'vins_estimator' build argument 'ament_cmake_args' from command line to 'None'
[0.169s] Level 5:colcon.colcon_core.verb:set package 'vins_estimator' build argument 'catkin_cmake_args' from command line to 'None'
[0.169s] Level 5:colcon.colcon_core.verb:set package 'vins_estimator' build argument 'catkin_skip_building_tests' from command line to 'False'
[0.169s] DEBUG:colcon.colcon_core.verb:Building package 'vins_estimator' with the following arguments: {'ament_cmake_args': None, 'build_base': '/home/jungil/VINS-J/build/vins_estimator', 'catkin_cmake_args': None, 'catkin_skip_building_tests': False, 'cmake_args': None, 'cmake_clean_cache': False, 'cmake_clean_first': False, 'cmake_force_configure': False, 'cmake_target': None, 'cmake_target_skip_unavailable': False, 'install_base': '/home/jungil/VINS-J/install/vins_estimator', 'merge_install': False, 'path': '/home/jungil/VINS-J/vins_estimator', 'symlink_install': False, 'test_result_base': None}
[0.169s] INFO:colcon.colcon_core.executor:Executing jobs using 'parallel' executor
[0.172s] DEBUG:colcon.colcon_parallel_executor.executor.parallel:run_until_complete
[0.172s] INFO:colcon.colcon_ros.task.cmake.build:Building ROS package in '/home/jungil/VINS-J/vins_estimator' with build type 'cmake'
[0.172s] INFO:colcon.colcon_cmake.task.cmake.build:Building CMake package in '/home/jungil/VINS-J/vins_estimator'
[0.174s] INFO:colcon.colcon_core.plugin_system:Skipping extension 'colcon_core.shell.bat': Not used on non-Windows systems
[0.174s] INFO:colcon.colcon_core.shell:Skip shell extension 'powershell' for command environment: Not usable outside of PowerShell
[0.174s] DEBUG:colcon.colcon_core.shell:Skip shell extension 'dsv' for command environment
[0.182s] DEBUG:colcon.colcon_core.event_handler.log_command:Invoking command in '/home/jungil/VINS-J/build/vins_estimator': CMAKE_PREFIX_PATH=/opt/ros/foxy /usr/bin/cmake --build /home/jungil/VINS-J/build/vins_estimator -- -j16 -l16
[2.222s] DEBUG:colcon.colcon_core.event_handler.log_command:Invoked command in '/home/jungil/VINS-J/build/vins_estimator' returned '0': CMAKE_PREFIX_PATH=/opt/ros/foxy /usr/bin/cmake --build /home/jungil/VINS-J/build/vins_estimator -- -j16 -l16
[2.267s] DEBUG:colcon.colcon_core.event_handler.log_command:Invoking command in '/home/jungil/VINS-J/build/vins_estimator': CMAKE_PREFIX_PATH=/opt/ros/foxy /usr/bin/cmake --install /home/jungil/VINS-J/build/vins_estimator
[2.282s] DEBUG:colcon.colcon_core.event_handler.log_command:Invoked command in '/home/jungil/VINS-J/build/vins_estimator' returned '0': CMAKE_PREFIX_PATH=/opt/ros/foxy /usr/bin/cmake --install /home/jungil/VINS-J/build/vins_estimator
[2.306s] Level 1:colcon.colcon_core.shell:create_environment_hook('vins_estimator', 'pkg_config_path')
[2.309s] INFO:colcon.colcon_core.shell:Creating environment hook '/home/jungil/VINS-J/install/vins_estimator/share/vins_estimator/hook/pkg_config_path.ps1'
[2.310s] INFO:colcon.colcon_core.shell:Creating environment descriptor '/home/jungil/VINS-J/install/vins_estimator/share/vins_estimator/hook/pkg_config_path.dsv'
[2.311s] INFO:colcon.colcon_core.shell:Creating environment hook '/home/jungil/VINS-J/install/vins_estimator/share/vins_estimator/hook/pkg_config_path.sh'
[2.316s] Level 1:colcon.colcon_core.shell:create_environment_hook('vins_estimator', 'pkg_config_path_multiarch')
[2.317s] INFO:colcon.colcon_core.shell:Creating environment hook '/home/jungil/VINS-J/install/vins_estimator/share/vins_estimator/hook/pkg_config_path_multiarch.ps1'
[2.317s] INFO:colcon.colcon_core.shell:Creating environment descriptor '/home/jungil/VINS-J/install/vins_estimator/share/vins_estimator/hook/pkg_config_path_multiarch.dsv'
[2.317s] INFO:colcon.colcon_core.shell:Creating environment hook '/home/jungil/VINS-J/install/vins_estimator/share/vins_estimator/hook/pkg_config_path_multiarch.sh'
[2.318s] Level 1:colcon.colcon_core.environment:create_environment_scripts_only(vins_estimator)
[2.320s] Level 1:colcon.colcon_core.environment:checking '/home/jungil/VINS-J/install/vins_estimator' for CMake module files
[2.321s] Level 1:colcon.colcon_core.environment:checking '/home/jungil/VINS-J/install/vins_estimator' for CMake config files
[2.321s] Level 1:colcon.colcon_core.shell:create_environment_hook('vins_estimator', 'cmake_prefix_path')
[2.322s] INFO:colcon.colcon_core.shell:Creating environment hook '/home/jungil/VINS-J/install/vins_estimator/share/vins_estimator/hook/cmake_prefix_path.ps1'
[2.322s] INFO:colcon.colcon_core.shell:Creating environment descriptor '/home/jungil/VINS-J/install/vins_estimator/share/vins_estimator/hook/cmake_prefix_path.dsv'
[2.322s] INFO:colcon.colcon_core.shell:Creating environment hook '/home/jungil/VINS-J/install/vins_estimator/share/vins_estimator/hook/cmake_prefix_path.sh'
[2.322s] Level 1:colcon.colcon_core.environment:checking '/home/jungil/VINS-J/install/vins_estimator/bin'
[2.322s] Level 1:colcon.colcon_core.environment:checking '/home/jungil/VINS-J/install/vins_estimator/lib/pkgconfig/vins_estimator.pc'
[2.323s] Level 1:colcon.colcon_core.environment:checking '/home/jungil/VINS-J/install/vins_estimator/lib/python3.8/site-packages'
[2.323s] Level 1:colcon.colcon_core.environment:checking '/home/jungil/VINS-J/install/vins_estimator/bin'
[2.323s] INFO:colcon.colcon_core.shell:Creating package script '/home/jungil/VINS-J/install/vins_estimator/share/vins_estimator/package.ps1'
[2.324s] INFO:colcon.colcon_core.shell:Creating package descriptor '/home/jungil/VINS-J/install/vins_estimator/share/vins_estimator/package.dsv'
[2.324s] INFO:colcon.colcon_core.shell:Creating package script '/home/jungil/VINS-J/install/vins_estimator/share/vins_estimator/package.sh'
[2.325s] INFO:colcon.colcon_core.shell:Creating package script '/home/jungil/VINS-J/install/vins_estimator/share/vins_estimator/package.bash'
[2.325s] INFO:colcon.colcon_core.shell:Creating package script '/home/jungil/VINS-J/install/vins_estimator/share/vins_estimator/package.zsh'
[2.325s] Level 1:colcon.colcon_core.environment:create_file_with_runtime_dependencies(/home/jungil/VINS-J/install/vins_estimator/share/colcon-core/packages/vins_estimator)
[2.326s] DEBUG:colcon.colcon_parallel_executor.executor.parallel:closing loop
[2.326s] DEBUG:colcon.colcon_parallel_executor.executor.parallel:loop closed
[2.326s] DEBUG:colcon.colcon_parallel_executor.executor.parallel:run_until_complete finished with '0'
[2.326s] DEBUG:colcon.colcon_core.event_reactor:joining thread
[2.329s] INFO:colcon.colcon_core.plugin_system:Skipping extension 'colcon_notification.desktop_notification.terminal_notifier': Not used on non-Darwin systems
[2.329s] INFO:colcon.colcon_core.plugin_system:Skipping extension 'colcon_notification.desktop_notification.win32': Not used on non-Windows systems
[2.329s] INFO:colcon.colcon_notification.desktop_notification:Sending desktop notification using 'notify2'
[2.346s] DEBUG:colcon.colcon_core.event_reactor:joined thread
[2.348s] INFO:colcon.colcon_core.shell:Creating prefix script '/home/jungil/VINS-J/install/local_setup.ps1'
[2.349s] INFO:colcon.colcon_core.shell:Creating prefix util module '/home/jungil/VINS-J/install/_local_setup_util_ps1.py'
[2.351s] INFO:colcon.colcon_core.shell:Creating prefix chain script '/home/jungil/VINS-J/install/setup.ps1'
[2.352s] INFO:colcon.colcon_core.shell:Creating prefix script '/home/jungil/VINS-J/install/local_setup.sh'
[2.353s] INFO:colcon.colcon_core.shell:Creating prefix util module '/home/jungil/VINS-J/install/_local_setup_util_sh.py'
[2.353s] INFO:colcon.colcon_core.shell:Creating prefix chain script '/home/jungil/VINS-J/install/setup.sh'
[2.355s] INFO:colcon.colcon_core.shell:Creating prefix script '/home/jungil/VINS-J/install/local_setup.bash'
[2.356s] INFO:colcon.colcon_core.shell:Creating prefix chain script '/home/jungil/VINS-J/install/setup.bash'
[2.358s] INFO:colcon.colcon_core.shell:Creating prefix script '/home/jungil/VINS-J/install/local_setup.zsh'
[2.359s] INFO:colcon.colcon_core.shell:Creating prefix chain script '/home/jungil/VINS-J/install/setup.zsh'
