[0.010s] Invoking command in '/home/jungil/VINS-J/build/vins_estimator': CMAKE_PREFIX_PATH=/opt/ros/foxy /usr/bin/cmake /home/jungil/VINS-J/vins_estimator -DCMAKE_INSTALL_PREFIX=/home/jungil/VINS-J/install/vins_estimator
[0.023s] -- Found ament_cmake: 0.9.11 (/opt/ros/foxy/share/ament_cmake/cmake)
[0.044s] -- Using PYTHON_EXECUTABLE: /usr/bin/python3
[0.174s] -- Found rclcpp: 2.4.2 (/opt/ros/foxy/share/rclcpp/cmake)
[0.195s] -- Using all available rosidl_typesupport_c: rosidl_typesupport_fastrtps_c;rosidl_typesupport_introspection_c
[0.197s] -- Found rosidl_adapter: 1.3.0 (/opt/ros/foxy/share/rosidl_adapter/cmake)
[0.258s] -- Using all available rosidl_typesupport_cpp: rosidl_typesupport_fastrtps_cpp;rosidl_typesupport_introspection_cpp
[0.287s] -- Found rmw_implementation_cmake: 1.0.3 (/opt/ros/foxy/share/rmw_implementation_cmake/cmake)
[0.288s] -- Using RMW implementation 'rmw_fastrtps_cpp' as default
[0.374s] -- Found cv_bridge: 3.0.7 (/opt/ros/foxy/share/cv_bridge/cmake)
[0.465s] -- Found image_transport: 2.4.0 (/opt/ros/foxy/share/image_transport/cmake)
[0.487s] CMake Error at CMakeLists.txt:35 (target_link_libraries):
[0.487s]   IMPORTED library can only be used with the INTERFACE keyword of
[0.487s]   target_link_libraries
[0.487s] 
[0.487s] 
[0.487s] CMake Error at /opt/ros/foxy/share/ament_cmake_target_dependencies/cmake/ament_target_dependencies.cmake:42 (message):
[0.487s]   ament_target_dependencies() the first argument must be a valid target name
[0.487s] Call Stack (most recent call first):
[0.487s]   CMakeLists.txt:37 (ament_target_dependencies)
[0.487s] 
[0.487s] 
[0.488s] -- Configuring incomplete, errors occurred!
[0.488s] See also "/home/jungil/VINS-J/build/vins_estimator/CMakeFiles/CMakeOutput.log".
[0.488s] See also "/home/jungil/VINS-J/build/vins_estimator/CMakeFiles/CMakeError.log".
[0.491s] Invoked command in '/home/jungil/VINS-J/build/vins_estimator' returned '1': CMAKE_PREFIX_PATH=/opt/ros/foxy /usr/bin/cmake /home/jungil/VINS-J/vins_estimator -DCMAKE_INSTALL_PREFIX=/home/jungil/VINS-J/install/vins_estimator
