[0.010s] Invoking command in '/home/jungil/VINS-J/build/vins_estimator': CMAKE_PREFIX_PATH=/opt/ros/foxy /usr/bin/cmake /home/jungil/VINS-J/vins_estimator -DCMAKE_INSTALL_PREFIX=/home/jungil/VINS-J/install/vins_estimator
[0.024s] -- Found ament_cmake: 0.9.11 (/opt/ros/foxy/share/ament_cmake/cmake)
[0.044s] -- Using PYTHON_EXECUTABLE: /usr/bin/python3
[0.169s] -- Found rclcpp: 2.4.2 (/opt/ros/foxy/share/rclcpp/cmake)
[0.190s] -- Using all available rosidl_typesupport_c: rosidl_typesupport_fastrtps_c;rosidl_typesupport_introspection_c
[0.192s] -- Found rosidl_adapter: 1.3.0 (/opt/ros/foxy/share/rosidl_adapter/cmake)
[0.251s] -- Using all available rosidl_typesupport_cpp: rosidl_typesupport_fastrtps_cpp;rosidl_typesupport_introspection_cpp
[0.279s] -- Found rmw_implementation_cmake: 1.0.3 (/opt/ros/foxy/share/rmw_implementation_cmake/cmake)
[0.280s] -- Using RMW implementation 'rmw_fastrtps_cpp' as default
[0.366s] -- Found cv_bridge: 3.0.7 (/opt/ros/foxy/share/cv_bridge/cmake)
[0.456s] -- Found image_transport: 2.4.0 (/opt/ros/foxy/share/image_transport/cmake)
[0.542s] -- Configuring done
[0.543s] CMake Error at CMakeLists.txt:33 (add_executable):
[0.543s]   Cannot find source file:
[0.543s] 
[0.543s]     src/main.cpp
[0.543s] 
[0.544s]   Tried extensions .c .C .c++ .cc .cpp .cxx .cu .m .M .mm .h .hh .h++ .hm
[0.544s]   .hpp .hxx .in .txx
[0.544s] 
[0.544s] 
[0.546s] CMake Error at CMakeLists.txt:33 (add_executable):
[0.546s]   No SOURCES given to target: node
[0.546s] 
[0.546s] 
[0.546s] CMake Generate step failed.  Build files cannot be regenerated correctly.
[0.550s] Invoked command in '/home/jungil/VINS-J/build/vins_estimator' returned '1': CMAKE_PREFIX_PATH=/opt/ros/foxy /usr/bin/cmake /home/jungil/VINS-J/vins_estimator -DCMAKE_INSTALL_PREFIX=/home/jungil/VINS-J/install/vins_estimator
