[0.009s] Invoking command in '/home/jungil/VINS-J/build/vins_estimator': CMAKE_PREFIX_PATH=/opt/ros/foxy /usr/bin/cmake /home/jungil/VINS-J/vins_estimator -DCMAKE_INSTALL_PREFIX=/home/jungil/VINS-J/install/vins_estimator
[0.021s] -- Found ament_cmake: 0.9.11 (/opt/ros/foxy/share/ament_cmake/cmake)
[0.040s] -- Using PYTHON_EXECUTABLE: /usr/bin/python3
[0.165s] -- Found rclcpp: 2.4.2 (/opt/ros/foxy/share/rclcpp/cmake)
[0.186s] -- Using all available rosidl_typesupport_c: rosidl_typesupport_fastrtps_c;rosidl_typesupport_introspection_c
[0.188s] -- Found rosidl_adapter: 1.3.0 (/opt/ros/foxy/share/rosidl_adapter/cmake)
[0.247s] -- Using all available rosidl_typesupport_cpp: rosidl_typesupport_fastrtps_cpp;rosidl_typesupport_introspection_cpp
[0.275s] -- Found rmw_implementation_cmake: 1.0.3 (/opt/ros/foxy/share/rmw_implementation_cmake/cmake)
[0.276s] -- Using RMW implementation 'rmw_fastrtps_cpp' as default
[0.362s] -- Found cv_bridge: 3.0.7 (/opt/ros/foxy/share/cv_bridge/cmake)
[0.452s] -- Found image_transport: 2.4.0 (/opt/ros/foxy/share/image_transport/cmake)
[0.474s] CMake Error at /opt/ros/foxy/share/ament_cmake_target_dependencies/cmake/ament_target_dependencies.cmake:42 (message):
[0.474s]   ament_target_dependencies() the first argument must be a valid target name
[0.474s] Call Stack (most recent call first):
[0.474s]   CMakeLists.txt:37 (ament_target_dependencies)
[0.475s] 
[0.475s] 
[0.475s] -- Configuring incomplete, errors occurred!
[0.475s] See also "/home/jungil/VINS-J/build/vins_estimator/CMakeFiles/CMakeOutput.log".
[0.475s] See also "/home/jungil/VINS-J/build/vins_estimator/CMakeFiles/CMakeError.log".
[0.479s] Invoked command in '/home/jungil/VINS-J/build/vins_estimator' returned '1': CMAKE_PREFIX_PATH=/opt/ros/foxy /usr/bin/cmake /home/jungil/VINS-J/vins_estimator -DCMAKE_INSTALL_PREFIX=/home/jungil/VINS-J/install/vins_estimator
