[0.091s] DEBUG:colcon:Command line arguments: ['/usr/bin/colcon', 'build']
[0.091s] DEBUG:colcon:Parsed command line arguments: Namespace(allow_overriding=[], ament_cmake_args=None, base_paths=['.'], build_base='build', catkin_cmake_args=None, catkin_skip_building_tests=False, cmake_args=None, cmake_clean_cache=False, cmake_clean_first=False, cmake_force_configure=False, cmake_target=None, cmake_target_skip_unavailable=False, continue_on_error=False, event_handlers=None, executor='parallel', ignore_user_meta=False, install_base='install', log_base=None, log_level=None, main=<bound method BuildVerb.main of <colcon_core.verb.build.BuildVerb object at 0x7f14f49b9c40>>, merge_install=False, metas=['./colcon.meta'], packages_above=None, packages_above_and_dependencies=None, packages_above_depth=None, packages_end=None, packages_ignore=None, packages_ignore_regex=None, packages_select=None, packages_select_build_failed=False, packages_select_by_dep=None, packages_select_regex=None, packages_select_test_failures=False, packages_skip=None, packages_skip_build_finished=False, packages_skip_by_dep=None, packages_skip_regex=None, packages_skip_test_passed=False, packages_skip_up_to=None, packages_start=None, packages_up_to=None, packages_up_to_regex=None, parallel_workers=16, paths=None, symlink_install=False, test_result_base=None, verb_extension=<colcon_core.verb.build.BuildVerb object at 0x7f14f49b9c40>, verb_name='build', verb_parser=<colcon_defaults.argument_parser.defaults.DefaultArgumentsDecorator object at 0x7f14f49c51f0>)
[0.105s] Level 1:colcon.colcon_core.package_discovery:discover_packages(colcon_meta) check parameters
[0.105s] Level 1:colcon.colcon_core.package_discovery:discover_packages(recursive) check parameters
[0.105s] Level 1:colcon.colcon_core.package_discovery:discover_packages(ignore) check parameters
[0.105s] Level 1:colcon.colcon_core.package_discovery:discover_packages(path) check parameters
[0.105s] Level 1:colcon.colcon_core.package_discovery:discover_packages(colcon_meta) discover
[0.105s] Level 1:colcon.colcon_core.package_discovery:discover_packages(recursive) discover
[0.105s] INFO:colcon.colcon_core.package_discovery:Crawling recursively for packages in '/home/jungil/VINS-J'
[0.105s] Level 1:colcon.colcon_core.package_identification:_identify(.) by extensions ['ignore', 'ignore_ament_install']
[0.105s] Level 1:colcon.colcon_core.package_identification:_identify(.) by extension 'ignore'
[0.105s] Level 1:colcon.colcon_core.package_identification:_identify(.) by extension 'ignore_ament_install'
[0.105s] Level 1:colcon.colcon_core.package_identification:_identify(.) by extensions ['colcon_pkg']
[0.105s] Level 1:colcon.colcon_core.package_identification:_identify(.) by extension 'colcon_pkg'
[0.105s] Level 1:colcon.colcon_core.package_identification:_identify(.) by extensions ['colcon_meta']
[0.105s] Level 1:colcon.colcon_core.package_identification:_identify(.) by extension 'colcon_meta'
[0.105s] Level 1:colcon.colcon_core.package_identification:_identify(.) by extensions ['ros']
[0.105s] Level 1:colcon.colcon_core.package_identification:_identify(.) by extension 'ros'
[0.112s] Level 1:colcon.colcon_core.package_identification:_identify(.) by extensions ['cmake', 'python']
[0.112s] Level 1:colcon.colcon_core.package_identification:_identify(.) by extension 'cmake'
[0.112s] Level 1:colcon.colcon_core.package_identification:_identify(.) by extension 'python'
[0.112s] Level 1:colcon.colcon_core.package_identification:_identify(.) by extensions ['python_setup_py']
[0.112s] Level 1:colcon.colcon_core.package_identification:_identify(.) by extension 'python_setup_py'
[0.112s] Level 1:colcon.colcon_core.package_identification:_identify(build) by extensions ['ignore', 'ignore_ament_install']
[0.112s] Level 1:colcon.colcon_core.package_identification:_identify(build) by extension 'ignore'
[0.112s] Level 1:colcon.colcon_core.package_identification:_identify(build) ignored
[0.112s] Level 1:colcon.colcon_core.package_identification:_identify(install) by extensions ['ignore', 'ignore_ament_install']
[0.112s] Level 1:colcon.colcon_core.package_identification:_identify(install) by extension 'ignore'
[0.113s] Level 1:colcon.colcon_core.package_identification:_identify(install) ignored
[0.113s] Level 1:colcon.colcon_core.package_identification:_identify(log) by extensions ['ignore', 'ignore_ament_install']
[0.113s] Level 1:colcon.colcon_core.package_identification:_identify(log) by extension 'ignore'
[0.113s] Level 1:colcon.colcon_core.package_identification:_identify(log) ignored
[0.113s] Level 1:colcon.colcon_core.package_identification:_identify(vins_estimator) by extensions ['ignore', 'ignore_ament_install']
[0.113s] Level 1:colcon.colcon_core.package_identification:_identify(vins_estimator) by extension 'ignore'
[0.113s] Level 1:colcon.colcon_core.package_identification:_identify(vins_estimator) by extension 'ignore_ament_install'
[0.113s] Level 1:colcon.colcon_core.package_identification:_identify(vins_estimator) by extensions ['colcon_pkg']
[0.113s] Level 1:colcon.colcon_core.package_identification:_identify(vins_estimator) by extension 'colcon_pkg'
[0.113s] Level 1:colcon.colcon_core.package_identification:_identify(vins_estimator) by extensions ['colcon_meta']
[0.113s] Level 1:colcon.colcon_core.package_identification:_identify(vins_estimator) by extension 'colcon_meta'
[0.113s] Level 1:colcon.colcon_core.package_identification:_identify(vins_estimator) by extensions ['ros']
[0.113s] Level 1:colcon.colcon_core.package_identification:_identify(vins_estimator) by extension 'ros'
[0.122s] DEBUG:colcon.colcon_core.package_identification:Package 'vins_estimator' with type 'ros.cmake' and name 'vins_estimator'
[0.122s] Level 1:colcon.colcon_core.package_discovery:discover_packages(recursive) using defaults
[0.122s] Level 1:colcon.colcon_core.package_discovery:discover_packages(ignore) discover
[0.122s] Level 1:colcon.colcon_core.package_discovery:discover_packages(ignore) using defaults
[0.122s] Level 1:colcon.colcon_core.package_discovery:discover_packages(path) discover
[0.122s] Level 1:colcon.colcon_core.package_discovery:discover_packages(path) using defaults
[0.134s] Level 1:colcon.colcon_core.package_discovery:discover_packages(prefix_path) check parameters
[0.134s] Level 1:colcon.colcon_core.package_discovery:discover_packages(prefix_path) discover
[0.135s] DEBUG:colcon.colcon_installed_package_information.package_discovery:Found 1 installed packages in /home/jungil/VINS-J/install
[0.136s] DEBUG:colcon.colcon_installed_package_information.package_discovery:Found 256 installed packages in /opt/ros/foxy
[0.137s] Level 1:colcon.colcon_core.package_discovery:discover_packages(prefix_path) using defaults
[0.176s] Level 5:colcon.colcon_core.verb:set package 'vins_estimator' build argument 'cmake_args' from command line to 'None'
[0.176s] Level 5:colcon.colcon_core.verb:set package 'vins_estimator' build argument 'cmake_target' from command line to 'None'
[0.176s] Level 5:colcon.colcon_core.verb:set package 'vins_estimator' build argument 'cmake_target_skip_unavailable' from command line to 'False'
[0.176s] Level 5:colcon.colcon_core.verb:set package 'vins_estimator' build argument 'cmake_clean_cache' from command line to 'False'
[0.176s] Level 5:colcon.colcon_core.verb:set package 'vins_estimator' build argument 'cmake_clean_first' from command line to 'False'
[0.176s] Level 5:colcon.colcon_core.verb:set package 'vins_estimator' build argument 'cmake_force_configure' from command line to 'False'
[0.176s] Level 5:colcon.colcon_core.verb:set package 'vins_estimator' build argument 'ament_cmake_args' from command line to 'None'
[0.176s] Level 5:colcon.colcon_core.verb:set package 'vins_estimator' build argument 'catkin_cmake_args' from command line to 'None'
[0.176s] Level 5:colcon.colcon_core.verb:set package 'vins_estimator' build argument 'catkin_skip_building_tests' from command line to 'False'
[0.176s] DEBUG:colcon.colcon_core.verb:Building package 'vins_estimator' with the following arguments: {'ament_cmake_args': None, 'build_base': '/home/jungil/VINS-J/build/vins_estimator', 'catkin_cmake_args': None, 'catkin_skip_building_tests': False, 'cmake_args': None, 'cmake_clean_cache': False, 'cmake_clean_first': False, 'cmake_force_configure': False, 'cmake_target': None, 'cmake_target_skip_unavailable': False, 'install_base': '/home/jungil/VINS-J/install/vins_estimator', 'merge_install': False, 'path': '/home/jungil/VINS-J/vins_estimator', 'symlink_install': False, 'test_result_base': None}
[0.177s] INFO:colcon.colcon_core.executor:Executing jobs using 'parallel' executor
[0.180s] DEBUG:colcon.colcon_parallel_executor.executor.parallel:run_until_complete
[0.180s] INFO:colcon.colcon_ros.task.cmake.build:Building ROS package in '/home/jungil/VINS-J/vins_estimator' with build type 'cmake'
[0.180s] INFO:colcon.colcon_cmake.task.cmake.build:Building CMake package in '/home/jungil/VINS-J/vins_estimator'
[0.183s] INFO:colcon.colcon_core.plugin_system:Skipping extension 'colcon_core.shell.bat': Not used on non-Windows systems
[0.183s] INFO:colcon.colcon_core.shell:Skip shell extension 'powershell' for command environment: Not usable outside of PowerShell
[0.183s] DEBUG:colcon.colcon_core.shell:Skip shell extension 'dsv' for command environment
[0.191s] DEBUG:colcon.colcon_core.event_handler.log_command:Invoking command in '/home/jungil/VINS-J/build/vins_estimator': CMAKE_PREFIX_PATH=/opt/ros/foxy /usr/bin/cmake /home/jungil/VINS-J/vins_estimator -DCMAKE_INSTALL_PREFIX=/home/jungil/VINS-J/install/vins_estimator
[0.766s] DEBUG:colcon.colcon_core.event_handler.log_command:Invoked command in '/home/jungil/VINS-J/build/vins_estimator' returned '0': CMAKE_PREFIX_PATH=/opt/ros/foxy /usr/bin/cmake /home/jungil/VINS-J/vins_estimator -DCMAKE_INSTALL_PREFIX=/home/jungil/VINS-J/install/vins_estimator
[0.768s] DEBUG:colcon.colcon_core.event_handler.log_command:Invoking command in '/home/jungil/VINS-J/build/vins_estimator': CMAKE_PREFIX_PATH=/opt/ros/foxy /usr/bin/cmake --build /home/jungil/VINS-J/build/vins_estimator -- -j16 -l16
[3.004s] DEBUG:colcon.colcon_core.event_handler.log_command:Invoked command in '/home/jungil/VINS-J/build/vins_estimator' returned '0': CMAKE_PREFIX_PATH=/opt/ros/foxy /usr/bin/cmake --build /home/jungil/VINS-J/build/vins_estimator -- -j16 -l16
[3.038s] DEBUG:colcon.colcon_core.event_handler.log_command:Invoking command in '/home/jungil/VINS-J/build/vins_estimator': CMAKE_PREFIX_PATH=/opt/ros/foxy /usr/bin/cmake --install /home/jungil/VINS-J/build/vins_estimator
[3.050s] DEBUG:colcon.colcon_core.event_handler.log_command:Invoked command in '/home/jungil/VINS-J/build/vins_estimator' returned '0': CMAKE_PREFIX_PATH=/opt/ros/foxy /usr/bin/cmake --install /home/jungil/VINS-J/build/vins_estimator
[3.070s] Level 1:colcon.colcon_core.shell:create_environment_hook('vins_estimator', 'pkg_config_path')
[3.072s] INFO:colcon.colcon_core.shell:Creating environment hook '/home/jungil/VINS-J/install/vins_estimator/share/vins_estimator/hook/pkg_config_path.ps1'
[3.074s] INFO:colcon.colcon_core.shell:Creating environment descriptor '/home/jungil/VINS-J/install/vins_estimator/share/vins_estimator/hook/pkg_config_path.dsv'
[3.074s] INFO:colcon.colcon_core.shell:Creating environment hook '/home/jungil/VINS-J/install/vins_estimator/share/vins_estimator/hook/pkg_config_path.sh'
[3.078s] Level 1:colcon.colcon_core.shell:create_environment_hook('vins_estimator', 'pkg_config_path_multiarch')
[3.080s] INFO:colcon.colcon_core.shell:Creating environment hook '/home/jungil/VINS-J/install/vins_estimator/share/vins_estimator/hook/pkg_config_path_multiarch.ps1'
[3.081s] INFO:colcon.colcon_core.shell:Creating environment descriptor '/home/jungil/VINS-J/install/vins_estimator/share/vins_estimator/hook/pkg_config_path_multiarch.dsv'
[3.081s] INFO:colcon.colcon_core.shell:Creating environment hook '/home/jungil/VINS-J/install/vins_estimator/share/vins_estimator/hook/pkg_config_path_multiarch.sh'
[3.082s] Level 1:colcon.colcon_core.environment:create_environment_scripts_only(vins_estimator)
[3.086s] Level 1:colcon.colcon_core.environment:checking '/home/jungil/VINS-J/install/vins_estimator' for CMake module files
[3.087s] Level 1:colcon.colcon_core.environment:checking '/home/jungil/VINS-J/install/vins_estimator' for CMake config files
[3.087s] Level 1:colcon.colcon_core.shell:create_environment_hook('vins_estimator', 'cmake_prefix_path')
[3.088s] INFO:colcon.colcon_core.shell:Creating environment hook '/home/jungil/VINS-J/install/vins_estimator/share/vins_estimator/hook/cmake_prefix_path.ps1'
[3.088s] INFO:colcon.colcon_core.shell:Creating environment descriptor '/home/jungil/VINS-J/install/vins_estimator/share/vins_estimator/hook/cmake_prefix_path.dsv'
[3.088s] INFO:colcon.colcon_core.shell:Creating environment hook '/home/jungil/VINS-J/install/vins_estimator/share/vins_estimator/hook/cmake_prefix_path.sh'
[3.088s] Level 1:colcon.colcon_core.environment:checking '/home/jungil/VINS-J/install/vins_estimator/bin'
[3.088s] Level 1:colcon.colcon_core.environment:checking '/home/jungil/VINS-J/install/vins_estimator/lib/pkgconfig/vins_estimator.pc'
[3.089s] Level 1:colcon.colcon_core.environment:checking '/home/jungil/VINS-J/install/vins_estimator/lib/python3.8/site-packages'
[3.089s] Level 1:colcon.colcon_core.environment:checking '/home/jungil/VINS-J/install/vins_estimator/bin'
[3.089s] INFO:colcon.colcon_core.shell:Creating package script '/home/jungil/VINS-J/install/vins_estimator/share/vins_estimator/package.ps1'
[3.090s] INFO:colcon.colcon_core.shell:Creating package descriptor '/home/jungil/VINS-J/install/vins_estimator/share/vins_estimator/package.dsv'
[3.090s] INFO:colcon.colcon_core.shell:Creating package script '/home/jungil/VINS-J/install/vins_estimator/share/vins_estimator/package.sh'
[3.091s] INFO:colcon.colcon_core.shell:Creating package script '/home/jungil/VINS-J/install/vins_estimator/share/vins_estimator/package.bash'
[3.091s] INFO:colcon.colcon_core.shell:Creating package script '/home/jungil/VINS-J/install/vins_estimator/share/vins_estimator/package.zsh'
[3.091s] Level 1:colcon.colcon_core.environment:create_file_with_runtime_dependencies(/home/jungil/VINS-J/install/vins_estimator/share/colcon-core/packages/vins_estimator)
[3.092s] DEBUG:colcon.colcon_parallel_executor.executor.parallel:closing loop
[3.092s] DEBUG:colcon.colcon_parallel_executor.executor.parallel:loop closed
[3.092s] DEBUG:colcon.colcon_parallel_executor.executor.parallel:run_until_complete finished with '0'
[3.092s] DEBUG:colcon.colcon_core.event_reactor:joining thread
[3.099s] INFO:colcon.colcon_core.plugin_system:Skipping extension 'colcon_notification.desktop_notification.terminal_notifier': Not used on non-Darwin systems
[3.099s] INFO:colcon.colcon_core.plugin_system:Skipping extension 'colcon_notification.desktop_notification.win32': Not used on non-Windows systems
[3.099s] INFO:colcon.colcon_notification.desktop_notification:Sending desktop notification using 'notify2'
[3.121s] DEBUG:colcon.colcon_core.event_reactor:joined thread
[3.123s] INFO:colcon.colcon_core.shell:Creating prefix script '/home/jungil/VINS-J/install/local_setup.ps1'
[3.124s] INFO:colcon.colcon_core.shell:Creating prefix util module '/home/jungil/VINS-J/install/_local_setup_util_ps1.py'
[3.126s] INFO:colcon.colcon_core.shell:Creating prefix chain script '/home/jungil/VINS-J/install/setup.ps1'
[3.127s] INFO:colcon.colcon_core.shell:Creating prefix script '/home/jungil/VINS-J/install/local_setup.sh'
[3.128s] INFO:colcon.colcon_core.shell:Creating prefix util module '/home/jungil/VINS-J/install/_local_setup_util_sh.py'
[3.128s] INFO:colcon.colcon_core.shell:Creating prefix chain script '/home/jungil/VINS-J/install/setup.sh'
[3.129s] INFO:colcon.colcon_core.shell:Creating prefix script '/home/jungil/VINS-J/install/local_setup.bash'
[3.129s] INFO:colcon.colcon_core.shell:Creating prefix chain script '/home/jungil/VINS-J/install/setup.bash'
[3.130s] INFO:colcon.colcon_core.shell:Creating prefix script '/home/jungil/VINS-J/install/local_setup.zsh'
[3.130s] INFO:colcon.colcon_core.shell:Creating prefix chain script '/home/jungil/VINS-J/install/setup.zsh'
